c:\users\franc\documents\visual studio 2015\projects\so2_tp_v1\so2_tp_v1\debug\vc140.pdb
c:\users\franc\documents\visual studio 2015\projects\so2_tp_v1\so2_tp_v1\debug\vc140.idb
c:\users\franc\documents\visual studio 2015\projects\so2_tp_v1\so2_tp_v1\debug\servidor.obj
c:\users\franc\documents\visual studio 2015\projects\so2_tp_v2\so2_tp_v1\debug\vc140.pdb
c:\users\franc\documents\visual studio 2015\projects\so2_tp_v2\so2_tp_v1\debug\vc140.idb
c:\users\franc\documents\visual studio 2015\projects\so2_tp_v1\debug\so2_tp_v1.ilk
c:\users\franc\documents\visual studio 2015\projects\so2_tp_v1\debug\so2_tp_v1.exe
c:\users\franc\documents\visual studio 2015\projects\so2_tp_v1\debug\so2_tp_v1.pdb
c:\users\admin\desktop\so2_tp_v2\so2_tp_v1\debug\servidor.obj
c:\users\admin\desktop\so2_tp_v2\so2_tp_v1\debug\vc140.idb
c:\users\admin\desktop\so2_tp_v2\so2_tp_v1\debug\vc140.pdb
c:\users\admin\desktop\so2_tp_v2\debug\so2_tp_v1.pdb
c:\users\admin\desktop\so2_tp_v2\debug\so2_tp_v1.exe
c:\users\admin\desktop\so2_tp_v2\debug\so2_tp_v1.ilk
c:\users\admin\desktop\so2_tp_v2\so2_tp_v1\debug\so2_tp_v1.tlog\cl.command.1.tlog
c:\users\admin\desktop\so2_tp_v2\so2_tp_v1\debug\so2_tp_v1.tlog\cl.read.1.tlog
c:\users\admin\desktop\so2_tp_v2\so2_tp_v1\debug\so2_tp_v1.tlog\cl.write.1.tlog
c:\users\admin\desktop\so2_tp_v2\so2_tp_v1\debug\so2_tp_v1.tlog\link.command.1.tlog
c:\users\admin\desktop\so2_tp_v2\so2_tp_v1\debug\so2_tp_v1.tlog\link.read.1.tlog
c:\users\admin\desktop\so2_tp_v2\so2_tp_v1\debug\so2_tp_v1.tlog\link.write.1.tlog
